Determining if the pthread_create exist failed with the following output:
Change Dir: /user/gautiery/E5/SE-5201-B/mul2/mul2/CMakeFiles/CMakeTmp

Run Build Command:/usr/bin/make "cmTryCompileExec4146099158/fast"
/usr/bin/make -f CMakeFiles/cmTryCompileExec4146099158.dir/build.make CMakeFiles/cmTryCompileExec4146099158.dir/build
make[1]: entrant dans le répertoire « /nfs/user/eleve/e5/gautiery/E5/SE-5201-B/mul2/mul2/CMakeFiles/CMakeTmp »
/usr/bin/cmake -E cmake_progress_report /user/gautiery/E5/SE-5201-B/mul2/mul2/CMakeFiles/CMakeTmp/CMakeFiles 1
Building C object CMakeFiles/cmTryCompileExec4146099158.dir/CheckSymbolExists.c.o
/usr/bin/gcc    -o CMakeFiles/cmTryCompileExec4146099158.dir/CheckSymbolExists.c.o   -c /user/gautiery/E5/SE-5201-B/mul2/mul2/CMakeFiles/CMakeTmp/CheckSymbolExists.c
Linking C executable cmTryCompileExec4146099158
/usr/bin/cmake -E cmake_link_script CMakeFiles/cmTryCompileExec4146099158.dir/link.txt --verbose=1
/usr/bin/gcc         CMakeFiles/cmTryCompileExec4146099158.dir/CheckSymbolExists.c.o  -o cmTryCompileExec4146099158 -rdynamic 
CMakeFiles/cmTryCompileExec4146099158.dir/CheckSymbolExists.c.o: In function `main':
CheckSymbolExists.c:(.text+0x16): undefined reference to `pthread_create'
collect2: error: ld returned 1 exit status
make[1]: *** [cmTryCompileExec4146099158] Erreur 1
make[1]: quittant le répertoire « /nfs/user/eleve/e5/gautiery/E5/SE-5201-B/mul2/mul2/CMakeFiles/CMakeTmp »
make: *** [cmTryCompileExec4146099158/fast] Erreur 2

File /user/gautiery/E5/SE-5201-B/mul2/mul2/CMakeFiles/CMakeTmp/CheckSymbolExists.c:
/* */
#include <pthread.h>

int main(int argc, char** argv)
{
  (void)argv;
#ifndef pthread_create
  return ((int*)(&pthread_create))[argc];
#else
  (void)argc;
  return 0;
#endif
}

Determining if the function pthread_create exists in the pthreads failed with the following output:
Change Dir: /user/gautiery/E5/SE-5201-B/mul2/mul2/CMakeFiles/CMakeTmp

Run Build Command:/usr/bin/make "cmTryCompileExec3709267574/fast"
/usr/bin/make -f CMakeFiles/cmTryCompileExec3709267574.dir/build.make CMakeFiles/cmTryCompileExec3709267574.dir/build
make[1]: entrant dans le répertoire « /nfs/user/eleve/e5/gautiery/E5/SE-5201-B/mul2/mul2/CMakeFiles/CMakeTmp »
/usr/bin/cmake -E cmake_progress_report /user/gautiery/E5/SE-5201-B/mul2/mul2/CMakeFiles/CMakeTmp/CMakeFiles 1
Building C object CMakeFiles/cmTryCompileExec3709267574.dir/CheckFunctionExists.c.o
/usr/bin/gcc   -DCHECK_FUNCTION_EXISTS=pthread_create   -o CMakeFiles/cmTryCompileExec3709267574.dir/CheckFunctionExists.c.o   -c /usr/share/cmake-2.8/Modules/CheckFunctionExists.c
Linking C executable cmTryCompileExec3709267574
/usr/bin/cmake -E cmake_link_script CMakeFiles/cmTryCompileExec3709267574.dir/link.txt --verbose=1
/usr/bin/gcc     -DCHECK_FUNCTION_EXISTS=pthread_create    CMakeFiles/cmTryCompileExec3709267574.dir/CheckFunctionExists.c.o  -o cmTryCompileExec3709267574 -rdynamic -lpthreads 
/usr/bin/ld: cannot find -lpthreads
collect2: error: ld returned 1 exit status
make[1]: *** [cmTryCompileExec3709267574] Erreur 1
make[1]: quittant le répertoire « /nfs/user/eleve/e5/gautiery/E5/SE-5201-B/mul2/mul2/CMakeFiles/CMakeTmp »
make: *** [cmTryCompileExec3709267574/fast] Erreur 2


