Determining if the pthread_create exist failed with the following output:
Change Dir: /user/gautiery/E5/SE-5201-B/identite/CMakeFiles/CMakeTmp

Run Build Command:/usr/bin/make "cmTryCompileExec4203261029/fast"
/usr/bin/make -f CMakeFiles/cmTryCompileExec4203261029.dir/build.make CMakeFiles/cmTryCompileExec4203261029.dir/build
make[1]: entrant dans le répertoire « /nfs/user/eleve/e5/gautiery/E5/SE-5201-B/identite/CMakeFiles/CMakeTmp »
/usr/bin/cmake -E cmake_progress_report /user/gautiery/E5/SE-5201-B/identite/CMakeFiles/CMakeTmp/CMakeFiles 1
Building C object CMakeFiles/cmTryCompileExec4203261029.dir/CheckSymbolExists.c.o
/usr/bin/gcc    -o CMakeFiles/cmTryCompileExec4203261029.dir/CheckSymbolExists.c.o   -c /user/gautiery/E5/SE-5201-B/identite/CMakeFiles/CMakeTmp/CheckSymbolExists.c
Linking C executable cmTryCompileExec4203261029
/usr/bin/cmake -E cmake_link_script CMakeFiles/cmTryCompileExec4203261029.dir/link.txt --verbose=1
/usr/bin/gcc         CMakeFiles/cmTryCompileExec4203261029.dir/CheckSymbolExists.c.o  -o cmTryCompileExec4203261029 -rdynamic 
CMakeFiles/cmTryCompileExec4203261029.dir/CheckSymbolExists.c.o: In function `main':
CheckSymbolExists.c:(.text+0x16): undefined reference to `pthread_create'
collect2: error: ld returned 1 exit status
make[1]: *** [cmTryCompileExec4203261029] Erreur 1
make[1]: quittant le répertoire « /nfs/user/eleve/e5/gautiery/E5/SE-5201-B/identite/CMakeFiles/CMakeTmp »
make: *** [cmTryCompileExec4203261029/fast] Erreur 2

File /user/gautiery/E5/SE-5201-B/identite/CMakeFiles/CMakeTmp/CheckSymbolExists.c:
/* */
#include <pthread.h>

int main(int argc, char** argv)
{
  (void)argv;
#ifndef pthread_create
  return ((int*)(&pthread_create))[argc];
#else
  (void)argc;
  return 0;
#endif
}

Determining if the function pthread_create exists in the pthreads failed with the following output:
Change Dir: /user/gautiery/E5/SE-5201-B/identite/CMakeFiles/CMakeTmp

Run Build Command:/usr/bin/make "cmTryCompileExec4079778022/fast"
/usr/bin/make -f CMakeFiles/cmTryCompileExec4079778022.dir/build.make CMakeFiles/cmTryCompileExec4079778022.dir/build
make[1]: entrant dans le répertoire « /nfs/user/eleve/e5/gautiery/E5/SE-5201-B/identite/CMakeFiles/CMakeTmp »
/usr/bin/cmake -E cmake_progress_report /user/gautiery/E5/SE-5201-B/identite/CMakeFiles/CMakeTmp/CMakeFiles 1
Building C object CMakeFiles/cmTryCompileExec4079778022.dir/CheckFunctionExists.c.o
/usr/bin/gcc   -DCHECK_FUNCTION_EXISTS=pthread_create   -o CMakeFiles/cmTryCompileExec4079778022.dir/CheckFunctionExists.c.o   -c /usr/share/cmake-2.8/Modules/CheckFunctionExists.c
Linking C executable cmTryCompileExec4079778022
/usr/bin/cmake -E cmake_link_script CMakeFiles/cmTryCompileExec4079778022.dir/link.txt --verbose=1
/usr/bin/gcc     -DCHECK_FUNCTION_EXISTS=pthread_create    CMakeFiles/cmTryCompileExec4079778022.dir/CheckFunctionExists.c.o  -o cmTryCompileExec4079778022 -rdynamic -lpthreads 
/usr/bin/ld: cannot find -lpthreads
collect2: error: ld returned 1 exit status
make[1]: *** [cmTryCompileExec4079778022] Erreur 1
make[1]: quittant le répertoire « /nfs/user/eleve/e5/gautiery/E5/SE-5201-B/identite/CMakeFiles/CMakeTmp »
make: *** [cmTryCompileExec4079778022/fast] Erreur 2


